<?xml version="1.0" encoding="UTF-8" ?>
<testsuite errors="0" failures="0" hostname="BA91-5CG5174KFY" name="nl.rabobank.riskshield.qa.test.RssUtil_Test.RssUtil_Test" skipped="0" tests="1" time="1.547" timestamp="2016-03-08T15:12:24">
  <properties>
    <property name="java.vendor" value="Oracle Corporation" />
    <property name="sun.java.launcher" value="SUN_STANDARD" />
    <property name="eclipse.pdebuild.templates" value="/D:/data/fyi21117/Desktop/eclipse/plugins/org.eclipse.pde.build_3.9.100.v20150521-1524/templates/" />
    <property name="sun.management.compiler" value="HotSpot 64-Bit Tiered Compilers" />
    <property name="os.name" value="Windows 7" />
    <property name="sun.boot.class.path" value="C:\Program Files\Java\jre1.8.0_73\lib\resources.jar;C:\Program Files\Java\jre1.8.0_73\lib\rt.jar;C:\Program Files\Java\jre1.8.0_73\lib\sunrsasign.jar;C:\Program Files\Java\jre1.8.0_73\lib\jsse.jar;C:\Program Files\Java\jre1.8.0_73\lib\jce.jar;C:\Program Files\Java\jre1.8.0_73\lib\charsets.jar;C:\Program Files\Java\jre1.8.0_73\lib\jfr.jar;C:\Program Files\Java\jre1.8.0_73\classes" />
    <property name="sun.desktop" value="windows" />
    <property name="java.vm.specification.vendor" value="Oracle Corporation" />
    <property name="ant.home" value="D:\data\fyi21117\Desktop\eclipse\plugins\org.apache.ant_1.9.6.v201510161327" />
    <property name="java.runtime.version" value="1.8.0_73-b02" />
    <property name="user.name" value="fyi21117" />
    <property name="build.dir" value="C:\Users\fyi21117\workspace\nl.rabobank.riskshield.qa\bin" />
    <property name="user.language" value="nl" />
    <property name="sun.boot.library.path" value="C:\Program Files\Java\jre1.8.0_73\bin" />
    <property name="ant.project.default-target" value="main" />
    <property name="ant.project.name" value="JUNIT" />
    <property name="java.version" value="1.8.0_73" />
    <property name="user.timezone" value="" />
    <property name="sun.arch.data.model" value="64" />
    <property name="java.endorsed.dirs" value="C:\Program Files\Java\jre1.8.0_73\lib\endorsed" />
    <property name="sun.cpu.isalist" value="amd64" />
    <property name="sun.jnu.encoding" value="Cp1252" />
    <property name="file.encoding.pkg" value="sun.io" />
    <property name="file.separator" value="\" />
    <property name="java.specification.name" value="Java Platform API Specification" />
    <property name="java.class.version" value="52.0" />
    <property name="user.country" value="NL" />
    <property name="java.home" value="C:\Program Files\Java\jre1.8.0_73" />
    <property name="java.vm.info" value="mixed mode" />
    <property name="ant.file" value="C:\Users\fyi21117\workspace\nl.rabobank.riskshield.qa\build.xml" />
    <property name="os.version" value="6.1" />
    <property name="path.separator" value=";" />
    <property name="java.vm.version" value="25.73-b02" />
    <property name="report.dir" value="C:\Users\fyi21117\workspace\nl.rabobank.riskshield.qa\testreport" />
    <property name="user.variant" value="" />
    <property name="ant.library.dir" value="D:\data\fyi21117\Desktop\eclipse\plugins\org.apache.ant_1.9.6.v201510161327\lib" />
    <property name="java.awt.printerjob" value="sun.awt.windows.WPrinterJob" />
    <property name="sun.io.unicode.encoding" value="UnicodeLittle" />
    <property name="ant.file.type.JUNIT" value="file" />
    <property name="awt.toolkit" value="sun.awt.windows.WToolkit" />
    <property name="user.script" value="" />
    <property name="ant.file.JUNIT" value="C:\Users\fyi21117\workspace\nl.rabobank.riskshield.qa\build.xml" />
    <property name="eclipse.pdebuild.scripts" value="/D:/data/fyi21117/Desktop/eclipse/plugins/org.eclipse.pde.build_3.9.100.v20150521-1524/scripts/" />
    <property name="user.home" value="C:\Users\fyi21117" />
    <property name="java.specification.vendor" value="Oracle Corporation" />
    <property name="java.library.path" value="C:\Program Files\Java\jre1.8.0_73\bin;C:\WINDOWS\Sun\Java\bin;C:\WINDOWS\system32;C:\WINDOWS;C:/Program Files/Java/jre1.8.0_73/bin/server;C:/Program Files/Java/jre1.8.0_73/bin;C:/Program Files/Java/jre1.8.0_73/lib/amd64;C:\ProgramData\Oracle\Java\javapath;C:\WINDOWS\system32;C:\WINDOWS;C:\WINDOWS\System32\Wbem;C:\WINDOWS\System32\WindowsPowerShell\v1.0\;C:\Program Files (x86)\Microsoft Application Virtualization Client;C:\Program Files\Microsoft SQL Server\110\DTS\Binn\;C:\Program Files (x86)\Microsoft SQL Server\110\Tools\Binn\;C:\Program Files\Microsoft SQL Server\110\Tools\Binn\;C:\Program Files (x86)\Microsoft SQL Server\110\Tools\Binn\ManagementStudio\;C:\Program Files (x86)\Microsoft SQL Server\110\DTS\Binn\;C:\Program Files (x86)\HP\Unified Functional Testing\bin;C:\Program Files\Gradle\gradle-2.10-all\gradle-2.10/bin;C:\ant\apache-ant-1.9.6\bin;C:\Program Files\Java\jdk1.8.0_73\bin;D:\XebiumWorkshop\WebDrivers;D:\XebiumWorkshop\apache-maven-3.3.3\bin;;D:\Data\fyi21117\Desktop\eclipse;;." />
    <property name="java.vendor.url" value="http://java.oracle.com/" />
    <property name="java.vm.vendor" value="Oracle Corporation" />
    <property name="java.runtime.name" value="Java(TM) SE Runtime Environment" />
    <property name="sun.java.command" value="org.apache.tools.ant.taskdefs.optional.junit.JUnitTestRunner nl.rabobank.riskshield.qa.test.RssUtil_Test.RssUtil_Test skipNonTests=false filtertrace=true haltOnError=false haltOnFailure=true formatter=org.apache.tools.ant.taskdefs.optional.junit.SummaryJUnitResultFormatter showoutput=false outputtoformatters=true logfailedtests=true threadid=0 logtestlistenerevents=false formatter=org.apache.tools.ant.taskdefs.optional.junit.XMLJUnitResultFormatter,C:\Users\fyi21117\workspace\nl.rabobank.riskshield.qa\testreport\TEST-nl.rabobank.riskshield.qa.test.RssUtil_Test.RssUtil_Test.xml crashfile=C:\Users\fyi21117\workspace\nl.rabobank.riskshield.qa\junitvmwatcher6779194316105186522.properties propsfile=C:\Users\fyi21117\workspace\nl.rabobank.riskshield.qa\junit4819010612370692267.properties" />
    <property name="java.class.path" value="C:\Users\fyi21117\workspace\nl.rabobank.riskshield.qa\lib\junit-4.12.jar;C:\Users\fyi21117\workspace\nl.rabobank.riskshield.qa\lib\hamcrest-core-1.3.jar;C:\Users\fyi21117\workspace\nl.rabobank.riskshield.qa\lib\rss.api.jar;C:\Users\fyi21117\workspace\nl.rabobank.riskshield.qa\lib\rss.jar;C:\Users\fyi21117\workspace\nl.rabobank.riskshield.qa\bin;D:\data\fyi21117\Desktop\eclipse\plugins\org.apache.ant_1.9.6.v201510161327\lib\ant-launcher.jar;D:\data\fyi21117\Desktop\eclipse\plugins\org.apache.ant_1.9.6.v201510161327\lib\ant.jar;D:\data\fyi21117\Desktop\eclipse\plugins\org.apache.ant_1.9.6.v201510161327\lib\ant-junit.jar;D:\data\fyi21117\Desktop\eclipse\plugins\org.apache.ant_1.9.6.v201510161327\lib\ant-junit4.jar" />
    <property name="ant.version" value="Apache Ant(TM) version 1.9.6 compiled on June 29 2015" />
    <property name="java.vm.specification.name" value="Java Virtual Machine Specification" />
    <property name="java.vm.specification.version" value="1.8" />
    <property name="sun.cpu.endian" value="little" />
    <property name="sun.os.patch.level" value="Service Pack 1" />
    <property name="eclipse.pdebuild.home" value="/D:/data/fyi21117/Desktop/eclipse/plugins/org.eclipse.pde.build_3.9.100.v20150521-1524/./" />
    <property name="java.io.tmpdir" value="C:\Users\fyi21117\AppData\Local\Temp\" />
    <property name="java.vendor.url.bug" value="http://bugreport.sun.com/bugreport/" />
    <property name="os.arch" value="amd64" />
    <property name="java.awt.graphicsenv" value="sun.awt.Win32GraphicsEnvironment" />
    <property name="java.ext.dirs" value="C:\Program Files\Java\jre1.8.0_73\lib\ext;C:\WINDOWS\Sun\Java\lib\ext" />
    <property name="user.dir" value="C:\Users\fyi21117\workspace\nl.rabobank.riskshield.qa" />
    <property name="line.separator" value="&#xd;&#xa;" />
    <property name="java.vm.name" value="Java HotSpot(TM) 64-Bit Server VM" />
    <property name="basedir" value="C:\Users\fyi21117\workspace\nl.rabobank.riskshield.qa" />
    <property name="ant.java.version" value="1.8" />
    <property name="ant.core.lib" value="D:\data\fyi21117\Desktop\eclipse\plugins\org.apache.ant_1.9.6.v201510161327\lib\ant.jar" />
    <property name="file.encoding" value="Cp1252" />
    <property name="java.specification.version" value="1.8" />
    <property name="src.dir" value="C:\Users\fyi21117\workspace\nl.rabobank.riskshield.qa\src" />
    <property name="ant.project.invoked-targets" value="main" />
  </properties>
  <testcase classname="nl.rabobank.riskshield.qa.test.RssUtil_Test.RssUtil_Test" name="startupAndShutdown" time="1.476" />
  <system-out><![CDATA[]]></system-out>
  <system-err><![CDATA[2016-03-08 16:12:25.221 INFO  > response file src\nl\rabobank\riskshield\qa\test\RssUtil_Test\work\response1.csv found. The response will be written to src\nl\rabobank\riskshield\qa\test\RssUtil_Test\work\response1_20160308_161225_000001.csv
2016-03-08 16:12:25.231 INFO  > sending src\nl\rabobank\riskshield\qa\test\RssUtil_Test\data\request1.csv to server [127.0.0.1:50001]...
2016-03-08 16:12:25.238 INFO  > 42 Bytes of 42 Bytes send (100%)
2016-03-08 16:12:25.245 INFO  > received src\nl\rabobank\riskshield\qa\test\RssUtil_Test\work\response1_20160308_161225_000001.csv (44 Bytes) from server
]]></system-err>
</testsuite>
